<?xml version="1.0" encoding="UTF-8"?>
<!-- Generated by org.testng.reporters.JUnitReportReporter -->
<testsuite skipped="0" hostname="DESKTOP-BJ9S1AE" name="Profiling.Profile1Test" tests="1" failures="0" timestamp="10 Apr 2022 09:19:36 GMT" time="0.016" errors="0">
  <testcase name="hiiTest" time="0.016" classname="Profiling.Profile1Test"/>
</testsuite> <!-- Profiling.Profile1Test -->
