<?xml version="1.0" encoding="UTF-8"?>
<!-- Generated by org.testng.reporters.JUnitReportReporter -->
<testsuite skipped="0" hostname="DESKTOP-BJ9S1AE" name="Profiling.Profile2Test" tests="1" failures="0" timestamp="10 Apr 2022 09:19:36 GMT" time="0.003" errors="0">
  <testcase name="HIITest" time="0.003" classname="Profiling.Profile2Test"/>
</testsuite> <!-- Profiling.Profile2Test -->
